<?xml version="1.0" encoding="UTF-8"?>
<!-- Generated by org.testng.reporters.JUnitReportReporter -->
<testsuite hostname="RGDevice" failures="0" tests="1" name="Rahul_Shetty_TestNG_Practice.day1" time="0.008" errors="0" timestamp="2024-03-15T16:54:08 IST" skipped="0">
  <testcase classname="Rahul_Shetty_TestNG_Practice.day1" name="start" time="0.008"/>
</testsuite> <!-- Rahul_Shetty_TestNG_Practice.day1 -->
