<?xml version="1.0" encoding="UTF-8"?>
<!-- Generated by org.testng.reporters.JUnitReportReporter -->
<testsuite hostname="RGDevice" failures="0" tests="1" name="Rahul_Shetty_TestNG_Practice.day2" time="0.022" errors="0" timestamp="2024-03-15T17:49:17 IST" skipped="0">
  <testcase classname="Rahul_Shetty_TestNG_Practice.day2" name="start" time="0.022"/>
</testsuite> <!-- Rahul_Shetty_TestNG_Practice.day2 -->
